<?xml version="1.0" encoding="UTF-8"?>
<!-- Generated by org.testng.reporters.JUnitReportReporter -->
<testsuite hostname="DESKTOP-M3NUNPL" name="flipkartAssi.Flipkart" tests="1" failures="0" timestamp="25 May 2019 10:46:31 GMT" time="81.227" errors="0">
  <testcase name="login" time="81.227" classname="flipkartAssi.Flipkart"/>
</testsuite> <!-- flipkartAssi.Flipkart -->
