<?xml version="1.0" encoding="UTF-8"?>
<!-- Generated by org.testng.reporters.JUnitReportReporter -->
<testsuite hostname="DESKTOP-M3NUNPL" name="CommonMehodspak.ScreenShotClass" tests="1" failures="0" timestamp="25 May 2019 10:32:53 GMT" time="0.192" errors="0">
  <testcase name="screenshotMethod" time="0.192" classname="CommonMehodspak.ScreenShotClass"/>
</testsuite> <!-- CommonMehodspak.ScreenShotClass -->
